<?xml version="1.0" encoding="UTF-8"?>
<testsuite xmlns:xsi="http://www.w3.org/2001/XMLSchema-instance" xsi:noNamespaceSchemaLocation="https://maven.apache.org/surefire/maven-surefire-plugin/xsd/surefire-test-report-3.0.xsd" version="3.0" name="com.fabrick.demo.test.ApplicationTests" time="12.161" tests="3" errors="0" skipped="0" failures="0">
  <properties>
[...]
</properties>
  <testcase name="testGetClosestStation" classname="com.fabrick.demo.test.ApplicationTests" time="0.855">
    <system-out><![CDATA[22:35:59.657 [main] INFO org.springframework.test.context.support.AnnotationConfigContextLoaderUtils -- Could not detect default configuration classes for test class [com.fabrick.demo.test.ApplicationTests]: ApplicationTests does not declare any static, non-private, non-final, nested classes annotated with @Configuration.
22:35:59.904 [main] INFO org.springframework.boot.test.context.SpringBootTestContextBootstrapper -- Found @SpringBootConfiguration com.fabrick.demo.DemoApplication for test class com.fabrick.demo.test.ApplicationTests

  .   ____          _            __ _ _
 /\\ / ___'_ __ _ _(_)_ __  __ _ \ \ \ \
( ( )\___ | '_ | '_| | '_ \/ _` | \ \ \ \
 \\/  ___)| |_)| | | | | || (_| |  ) ) ) )
  '  |____| .__|_| |_|_| |_\__, | / / / /
 =========|_|==============|___/=/_/_/_/

 :: Spring Boot ::       (v3.3.1-SNAPSHOT)

2024-06-04T22:36:00.805+02:00  INFO 38024 --- [demo] [           main] com.fabrick.demo.test.ApplicationTests   : Starting ApplicationTests using Java 21.0.3 with PID 38024 (started by lorparisi in C:\Users\lorparisi\Desktop\ex_fabrik\demo)
2024-06-04T22:36:00.808+02:00  INFO 38024 --- [demo] [           main] com.fabrick.demo.test.ApplicationTests   : No active profile set, falling back to 1 default profile: "default"
2024-06-04T22:36:02.523+02:00  INFO 38024 --- [demo] [           main] .s.d.r.c.RepositoryConfigurationDelegate : Multiple Spring Data modules found, entering strict repository configuration mode
2024-06-04T22:36:02.526+02:00  INFO 38024 --- [demo] [           main] .s.d.r.c.RepositoryConfigurationDelegate : Bootstrapping Spring Data JDBC repositories in DEFAULT mode.
2024-06-04T22:36:02.600+02:00  INFO 38024 --- [demo] [           main] .RepositoryConfigurationExtensionSupport : Spring Data JDBC - Could not safely identify store assignment for repository candidate interface com.fabrick.demo.repository.AirportRepository; If you want this repository to be a JDBC repository, consider annotating your entities with one of these annotations: org.springframework.data.relational.core.mapping.Table.
2024-06-04T22:36:02.606+02:00  INFO 38024 --- [demo] [           main] .RepositoryConfigurationExtensionSupport : Spring Data JDBC - Could not safely identify store assignment for repository candidate interface com.fabrick.demo.repository.CloseApproachRepository; If you want this repository to be a JDBC repository, consider annotating your entities with one of these annotations: org.springframework.data.relational.core.mapping.Table.
2024-06-04T22:36:02.607+02:00  INFO 38024 --- [demo] [           main] .RepositoryConfigurationExtensionSupport : Spring Data JDBC - Could not safely identify store assignment for repository candidate interface com.fabrick.demo.repository.StationRepository; If you want this repository to be a JDBC repository, consider annotating your entities with one of these annotations: org.springframework.data.relational.core.mapping.Table.
2024-06-04T22:36:02.608+02:00  INFO 38024 --- [demo] [           main] .s.d.r.c.RepositoryConfigurationDelegate : Finished Spring Data repository scanning in 72 ms. Found 0 JDBC repository interfaces.
2024-06-04T22:36:02.631+02:00  INFO 38024 --- [demo] [           main] .s.d.r.c.RepositoryConfigurationDelegate : Multiple Spring Data modules found, entering strict repository configuration mode
2024-06-04T22:36:02.632+02:00  INFO 38024 --- [demo] [           main] .s.d.r.c.RepositoryConfigurationDelegate : Bootstrapping Spring Data JPA repositories in DEFAULT mode.
2024-06-04T22:36:02.691+02:00  INFO 38024 --- [demo] [           main] .s.d.r.c.RepositoryConfigurationDelegate : Finished Spring Data repository scanning in 49 ms. Found 3 JPA repository interfaces.
2024-06-04T22:36:03.758+02:00  INFO 38024 --- [demo] [           main] com.zaxxer.hikari.HikariDataSource       : HikariPool-1 - Starting...
2024-06-04T22:36:04.492+02:00  INFO 38024 --- [demo] [           main] com.zaxxer.hikari.pool.HikariPool        : HikariPool-1 - Added connection conn0: url=jdbc:h2:mem:demo user=SA
2024-06-04T22:36:04.498+02:00  INFO 38024 --- [demo] [           main] com.zaxxer.hikari.HikariDataSource       : HikariPool-1 - Start completed.
2024-06-04T22:36:04.916+02:00  INFO 38024 --- [demo] [           main] o.hibernate.jpa.internal.util.LogHelper  : HHH000204: Processing PersistenceUnitInfo [name: default]
2024-06-04T22:36:05.106+02:00  INFO 38024 --- [demo] [           main] org.hibernate.Version                    : HHH000412: Hibernate ORM core version 6.5.2.Final
2024-06-04T22:36:05.208+02:00  INFO 38024 --- [demo] [           main] o.h.c.internal.RegionFactoryInitiator    : HHH000026: Second-level cache disabled
2024-06-04T22:36:05.591+02:00  INFO 38024 --- [demo] [           main] o.s.o.j.p.SpringPersistenceUnitInfo      : No LoadTimeWeaver setup: ignoring JPA class transformer
2024-06-04T22:36:05.722+02:00  WARN 38024 --- [demo] [           main] org.hibernate.orm.deprecation            : HHH90000025: H2Dialect does not need to be specified explicitly using 'hibernate.dialect' (remove the property setting and it will be selected by default)
2024-06-04T22:36:07.573+02:00  INFO 38024 --- [demo] [           main] o.h.e.t.j.p.i.JtaPlatformInitiator       : HHH000489: No JTA platform available (set 'hibernate.transaction.jta.platform' to enable JTA platform integration)
2024-06-04T22:36:07.579+02:00  INFO 38024 --- [demo] [           main] j.LocalContainerEntityManagerFactoryBean : Initialized JPA EntityManagerFactory for persistence unit 'default'
2024-06-04T22:36:08.696+02:00  WARN 38024 --- [demo] [           main] JpaBaseConfiguration$JpaWebConfiguration : spring.jpa.open-in-view is enabled by default. Therefore, database queries may be performed during view rendering. Explicitly configure spring.jpa.open-in-view to disable this warning
2024-06-04T22:36:10.431+02:00  INFO 38024 --- [demo] [           main] o.s.b.a.h2.H2ConsoleAutoConfiguration    : H2 console available at '/h2-console'. Database available at 'jdbc:h2:mem:demo'
2024-06-04T22:36:10.532+02:00  INFO 38024 --- [demo] [           main] o.s.b.t.m.w.SpringBootMockServletContext : Initializing Spring TestDispatcherServlet ''
2024-06-04T22:36:10.534+02:00  INFO 38024 --- [demo] [           main] o.s.t.web.servlet.TestDispatcherServlet  : Initializing Servlet ''
2024-06-04T22:36:10.547+02:00  INFO 38024 --- [demo] [           main] o.s.t.web.servlet.TestDispatcherServlet  : Completed initialization in 6 ms
2024-06-04T22:36:10.597+02:00  INFO 38024 --- [demo] [           main] com.fabrick.demo.test.ApplicationTests   : Started ApplicationTests in 10.371 seconds (process running for 17.009)
Hibernate: select s1_0.id,s1_0.country,s1_0.elevation,s1_0.latitude,s1_0.longitude,s1_0.name,s1_0.state from stations s1_0 where s1_0.id=?
Hibernate: select s1_0.id,s1_0.country,s1_0.elevation,s1_0.latitude,s1_0.longitude,s1_0.name,s1_0.state from stations s1_0 where s1_0.latitude>=? and s1_0.latitude<=? and s1_0.longitude>=? and s1_0.longitude<=?
]]></system-out>
  </testcase>
  <testcase name="testGetClosestAirport" classname="com.fabrick.demo.test.ApplicationTests" time="0.033">
    <system-out><![CDATA[Hibernate: select a1_0.id,a1_0.country,a1_0.elevation,a1_0.iata,a1_0.latitude,a1_0.longitude,a1_0.name,a1_0.state from airports a1_0 where a1_0.id=?
Hibernate: select a1_0.id,a1_0.country,a1_0.elevation,a1_0.iata,a1_0.latitude,a1_0.longitude,a1_0.name,a1_0.state from airports a1_0 where a1_0.latitude>=? and a1_0.latitude<=? and a1_0.longitude>=? and a1_0.longitude<=?
]]></system-out>
  </testcase>
  <testcase name="testGetClosestApproaches" classname="com.fabrick.demo.test.ApplicationTests" time="0.088">
    <system-out><![CDATA[Hibernate: select ca1_0.id,ca1_0.asteroid_id,ca1_0.close_approach_date,ca1_0.orbiting_body from close_approach ca1_0 where ca1_0.asteroid_id=? and ca1_0.close_approach_date>=? order by ca1_0.close_approach_date
Hibernate: select ca1_0.id,ca1_0.asteroid_id,ca1_0.close_approach_date,ca1_0.orbiting_body from close_approach ca1_0 where ca1_0.asteroid_id=? and ca1_0.close_approach_date>=? and ca1_0.orbiting_body<>? order by ca1_0.close_approach_date
Hibernate: select ca1_0.id,ca1_0.asteroid_id,ca1_0.close_approach_date,ca1_0.orbiting_body from close_approach ca1_0 where ca1_0.asteroid_id=? and ca1_0.close_approach_date>=? and ca1_0.orbiting_body<>? order by ca1_0.close_approach_date
]]></system-out>
  </testcase>
</testsuite>